<?xml version="1.0" encoding="UTF-8"?>
<testsuite xmlns:xsi="http://www.w3.org/2001/XMLSchema-instance" xsi:noNamespaceSchemaLocation="https://maven.apache.org/surefire/maven-surefire-plugin/xsd/surefire-test-report.xsd" name="Run2Test" time="12.247" tests="6" errors="0" skipped="0" failures="0">
  <properties>
[...]
</properties>
  <testcase name="Given I am on my zoo website" classname="Scenario: Submit form using valid data" time="0.001"/>
  <testcase name="When I navigate to &quot;contact&quot;" classname="Scenario: Submit form using valid data" time="0"/>
  <testcase name="And I move the slider to 60% of the slide" classname="Scenario: Submit form using valid data" time="0"/>
  <testcase name="And I submit the form with valid data" classname="Scenario: Submit form using valid data" time="0"/>
  <testcase name="Then I check the page title is &quot;We have your message&quot;" classname="Scenario: Submit form using valid data" time="0"/>
  <testcase name="Scenario: Submit form using valid data" classname="Scenario: Submit form using valid data" time="0"/>
</testsuite>